Analysis & Synthesis report for unidadprocesadora
Fri Sep 15 11:42:43 2023
Quartus Prime Version 19.1.0 Build 670 09/22/2019 SJ Lite Edition


---------------------
; Table of Contents ;
---------------------
  1. Legal Notice
  2. Analysis & Synthesis Summary
  3. Analysis & Synthesis Settings
  4. Parallel Compilation
  5. Analysis & Synthesis Source Files Read
  6. Analysis & Synthesis Resource Usage Summary
  7. Analysis & Synthesis Resource Utilization by Entity
  8. Registers Removed During Synthesis
  9. General Register Statistics
 10. Multiplexer Restructuring Statistics (Restructuring Performed)
 11. Parameter Settings for User Entity Instance: Top-level Entity: |unidadprocesadora
 12. Parameter Settings for User Entity Instance: ram3port:files
 13. Parameter Settings for User Entity Instance: alu:alu
 14. Parameter Settings for User Entity Instance: Shifter2:corrimiento
 15. Port Connectivity Checks: "Shifter2:corrimiento"
 16. Post-Synthesis Netlist Statistics for Top Partition
 17. Elapsed Time Per Partition
 18. Analysis & Synthesis Messages



----------------
; Legal Notice ;
----------------
Copyright (C) 2019  Intel Corporation. All rights reserved.
Your use of Intel Corporation's design tools, logic functions 
and other software and tools, and any partner logic 
functions, and any output files from any of the foregoing 
(including device programming or simulation files), and any 
associated documentation or information are expressly subject 
to the terms and conditions of the Intel Program License 
Subscription Agreement, the Intel Quartus Prime License Agreement,
the Intel FPGA IP License Agreement, or other applicable license
agreement, including, without limitation, that your use is for
the sole purpose of programming logic devices manufactured by
Intel and sold by Intel or its authorized distributors.  Please
refer to the applicable agreement for further details, at
https://fpgasoftware.intel.com/eula.



+----------------------------------------------------------------------------------+
; Analysis & Synthesis Summary                                                     ;
+------------------------------------+---------------------------------------------+
; Analysis & Synthesis Status        ; Successful - Fri Sep 15 11:42:43 2023       ;
; Quartus Prime Version              ; 19.1.0 Build 670 09/22/2019 SJ Lite Edition ;
; Revision Name                      ; unidadprocesadora                           ;
; Top-level Entity Name              ; unidadprocesadora                           ;
; Family                             ; Cyclone IV E                                ;
; Total logic elements               ; 27                                          ;
;     Total combinational functions  ; 27                                          ;
;     Dedicated logic registers      ; 3                                           ;
; Total registers                    ; 3                                           ;
; Total pins                         ; 29                                          ;
; Total virtual pins                 ; 0                                           ;
; Total memory bits                  ; 0                                           ;
; Embedded Multiplier 9-bit elements ; 0                                           ;
; Total PLLs                         ; 0                                           ;
+------------------------------------+---------------------------------------------+


+------------------------------------------------------------------------------------------------------------+
; Analysis & Synthesis Settings                                                                              ;
+------------------------------------------------------------------+--------------------+--------------------+
; Option                                                           ; Setting            ; Default Value      ;
+------------------------------------------------------------------+--------------------+--------------------+
; Device                                                           ; EP4CE22F17C6       ;                    ;
; Top-level entity name                                            ; unidadprocesadora  ; unidadprocesadora  ;
; Family name                                                      ; Cyclone IV E       ; Cyclone V          ;
; Use smart compilation                                            ; Off                ; Off                ;
; Enable parallel Assembler and Timing Analyzer during compilation ; On                 ; On                 ;
; Enable compact report table                                      ; Off                ; Off                ;
; Restructure Multiplexers                                         ; Auto               ; Auto               ;
; Create Debugging Nodes for IP Cores                              ; Off                ; Off                ;
; Preserve fewer node names                                        ; On                 ; On                 ;
; Intel FPGA IP Evaluation Mode                                    ; Enable             ; Enable             ;
; Verilog Version                                                  ; Verilog_2001       ; Verilog_2001       ;
; VHDL Version                                                     ; VHDL_1993          ; VHDL_1993          ;
; State Machine Processing                                         ; Auto               ; Auto               ;
; Safe State Machine                                               ; Off                ; Off                ;
; Extract Verilog State Machines                                   ; On                 ; On                 ;
; Extract VHDL State Machines                                      ; On                 ; On                 ;
; Ignore Verilog initial constructs                                ; Off                ; Off                ;
; Iteration limit for constant Verilog loops                       ; 5000               ; 5000               ;
; Iteration limit for non-constant Verilog loops                   ; 250                ; 250                ;
; Add Pass-Through Logic to Inferred RAMs                          ; On                 ; On                 ;
; Infer RAMs from Raw Logic                                        ; On                 ; On                 ;
; Parallel Synthesis                                               ; On                 ; On                 ;
; DSP Block Balancing                                              ; Auto               ; Auto               ;
; NOT Gate Push-Back                                               ; On                 ; On                 ;
; Power-Up Don't Care                                              ; On                 ; On                 ;
; Remove Redundant Logic Cells                                     ; Off                ; Off                ;
; Remove Duplicate Registers                                       ; On                 ; On                 ;
; Ignore CARRY Buffers                                             ; Off                ; Off                ;
; Ignore CASCADE Buffers                                           ; Off                ; Off                ;
; Ignore GLOBAL Buffers                                            ; Off                ; Off                ;
; Ignore ROW GLOBAL Buffers                                        ; Off                ; Off                ;
; Ignore LCELL Buffers                                             ; Off                ; Off                ;
; Ignore SOFT Buffers                                              ; On                 ; On                 ;
; Limit AHDL Integers to 32 Bits                                   ; Off                ; Off                ;
; Optimization Technique                                           ; Balanced           ; Balanced           ;
; Carry Chain Length                                               ; 70                 ; 70                 ;
; Auto Carry Chains                                                ; On                 ; On                 ;
; Auto Open-Drain Pins                                             ; On                 ; On                 ;
; Perform WYSIWYG Primitive Resynthesis                            ; Off                ; Off                ;
; Auto ROM Replacement                                             ; On                 ; On                 ;
; Auto RAM Replacement                                             ; On                 ; On                 ;
; Auto DSP Block Replacement                                       ; On                 ; On                 ;
; Auto Shift Register Replacement                                  ; Auto               ; Auto               ;
; Allow Shift Register Merging across Hierarchies                  ; Auto               ; Auto               ;
; Auto Clock Enable Replacement                                    ; On                 ; On                 ;
; Strict RAM Replacement                                           ; Off                ; Off                ;
; Allow Synchronous Control Signals                                ; On                 ; On                 ;
; Force Use of Synchronous Clear Signals                           ; Off                ; Off                ;
; Auto RAM Block Balancing                                         ; On                 ; On                 ;
; Auto RAM to Logic Cell Conversion                                ; Off                ; Off                ;
; Auto Resource Sharing                                            ; Off                ; Off                ;
; Allow Any RAM Size For Recognition                               ; Off                ; Off                ;
; Allow Any ROM Size For Recognition                               ; Off                ; Off                ;
; Allow Any Shift Register Size For Recognition                    ; Off                ; Off                ;
; Use LogicLock Constraints during Resource Balancing              ; On                 ; On                 ;
; Ignore translate_off and synthesis_off directives                ; Off                ; Off                ;
; Timing-Driven Synthesis                                          ; On                 ; On                 ;
; Report Parameter Settings                                        ; On                 ; On                 ;
; Report Source Assignments                                        ; On                 ; On                 ;
; Report Connectivity Checks                                       ; On                 ; On                 ;
; Ignore Maximum Fan-Out Assignments                               ; Off                ; Off                ;
; Synchronization Register Chain Length                            ; 2                  ; 2                  ;
; Power Optimization During Synthesis                              ; Normal compilation ; Normal compilation ;
; HDL message level                                                ; Level2             ; Level2             ;
; Suppress Register Optimization Related Messages                  ; Off                ; Off                ;
; Number of Removed Registers Reported in Synthesis Report         ; 5000               ; 5000               ;
; Number of Swept Nodes Reported in Synthesis Report               ; 5000               ; 5000               ;
; Number of Inverted Registers Reported in Synthesis Report        ; 100                ; 100                ;
; Clock MUX Protection                                             ; On                 ; On                 ;
; Auto Gated Clock Conversion                                      ; Off                ; Off                ;
; Block Design Naming                                              ; Auto               ; Auto               ;
; SDC constraint protection                                        ; Off                ; Off                ;
; Synthesis Effort                                                 ; Auto               ; Auto               ;
; Shift Register Replacement - Allow Asynchronous Clear Signal     ; On                 ; On                 ;
; Pre-Mapping Resynthesis Optimization                             ; Off                ; Off                ;
; Analysis & Synthesis Message Level                               ; Medium             ; Medium             ;
; Disable Register Merging Across Hierarchies                      ; Auto               ; Auto               ;
; Resource Aware Inference For Block RAM                           ; On                 ; On                 ;
+------------------------------------------------------------------+--------------------+--------------------+


+------------------------------------------+
; Parallel Compilation                     ;
+----------------------------+-------------+
; Processors                 ; Number      ;
+----------------------------+-------------+
; Number detected on machine ; 8           ;
; Maximum allowed            ; 4           ;
;                            ;             ;
; Average used               ; 1.00        ;
; Maximum used               ; 1           ;
;                            ;             ;
; Usage by Processor         ; % Time Used ;
;     Processor 1            ; 100.0%      ;
+----------------------------+-------------+


+------------------------------------------------------------------------------------------------------------------------------------------------------------------+
; Analysis & Synthesis Source Files Read                                                                                                                           ;
+----------------------------------+-----------------+------------------------------+--------------------------------------------------------------------+---------+
; File Name with User-Entered Path ; Used in Netlist ; File Type                    ; File Name with Absolute Path                                       ; Library ;
+----------------------------------+-----------------+------------------------------+--------------------------------------------------------------------+---------+
; unidadprocesadora.sv             ; yes             ; User SystemVerilog HDL File  ; D:/Programacion/Arqui1/9_15/UnidadProcesadora/unidadprocesadora.sv ;         ;
+----------------------------------+-----------------+------------------------------+--------------------------------------------------------------------+---------+


+-----------------------------------------------------------------+
; Analysis & Synthesis Resource Usage Summary                     ;
+---------------------------------------------+-------------------+
; Resource                                    ; Usage             ;
+---------------------------------------------+-------------------+
; Estimated Total logic elements              ; 27                ;
;                                             ;                   ;
; Total combinational functions               ; 27                ;
; Logic element usage by number of LUT inputs ;                   ;
;     -- 4 input functions                    ; 14                ;
;     -- 3 input functions                    ; 10                ;
;     -- <=2 input functions                  ; 3                 ;
;                                             ;                   ;
; Logic elements by mode                      ;                   ;
;     -- normal mode                          ; 22                ;
;     -- arithmetic mode                      ; 5                 ;
;                                             ;                   ;
; Total registers                             ; 3                 ;
;     -- Dedicated logic registers            ; 3                 ;
;     -- I/O registers                        ; 0                 ;
;                                             ;                   ;
; I/O pins                                    ; 29                ;
;                                             ;                   ;
; Embedded Multiplier 9-bit elements          ; 0                 ;
;                                             ;                   ;
; Maximum fan-out node                        ; ctr_word[4]~input ;
; Maximum fan-out                             ; 8                 ;
; Total fan-out                               ; 128               ;
; Average fan-out                             ; 1.45              ;
+---------------------------------------------+-------------------+


+-----------------------------------------------------------------------------------------------------------------------------------------------------------------------------------------------------------------------+
; Analysis & Synthesis Resource Utilization by Entity                                                                                                                                                                   ;
+----------------------------+---------------------+---------------------------+-------------+--------------+---------+-----------+------+--------------+----------------------------+-------------------+--------------+
; Compilation Hierarchy Node ; Combinational ALUTs ; Dedicated Logic Registers ; Memory Bits ; DSP Elements ; DSP 9x9 ; DSP 18x18 ; Pins ; Virtual Pins ; Full Hierarchy Name        ; Entity Name       ; Library Name ;
+----------------------------+---------------------+---------------------------+-------------+--------------+---------+-----------+------+--------------+----------------------------+-------------------+--------------+
; |unidadprocesadora         ; 27 (8)              ; 3 (3)                     ; 0           ; 0            ; 0       ; 0         ; 29   ; 0            ; |unidadprocesadora         ; unidadprocesadora ; work         ;
;    |alu:alu|               ; 19 (19)             ; 0 (0)                     ; 0           ; 0            ; 0       ; 0         ; 0    ; 0            ; |unidadprocesadora|alu:alu ; alu               ; work         ;
+----------------------------+---------------------+---------------------------+-------------+--------------+---------+-----------+------+--------------+----------------------------+-------------------+--------------+
Note: For table entries with two numbers listed, the numbers in parentheses indicate the number of resources of the given type used by the specific entity alone. The numbers listed outside of parentheses indicate the total resources of the given type used by the specific entity and all of its sub-entities in the hierarchy.


+---------------------------------------------------------------------------------+
; Registers Removed During Synthesis                                              ;
+----------------------------------------+----------------------------------------+
; Register name                          ; Reason for Removal                     ;
+----------------------------------------+----------------------------------------+
; stateBits[3]~reg0                      ; Stuck at GND due to stuck port data_in ;
; ram3port:files|mem~3                   ; Stuck at GND due to stuck port data_in ;
; ram3port:files|mem~7                   ; Stuck at GND due to stuck port data_in ;
; ram3port:files|mem~11                  ; Stuck at GND due to stuck port data_in ;
; ram3port:files|mem~15                  ; Stuck at GND due to stuck port data_in ;
; ram3port:files|mem~19                  ; Stuck at GND due to stuck port data_in ;
; ram3port:files|mem~23                  ; Stuck at GND due to stuck port data_in ;
; ram3port:files|mem~27                  ; Stuck at GND due to stuck port data_in ;
; ram3port:files|mem~31                  ; Stuck at GND due to stuck port data_in ;
; ram3port:files|mem~2                   ; Stuck at GND due to stuck port data_in ;
; ram3port:files|mem~6                   ; Stuck at GND due to stuck port data_in ;
; ram3port:files|mem~10                  ; Stuck at GND due to stuck port data_in ;
; ram3port:files|mem~14                  ; Stuck at GND due to stuck port data_in ;
; ram3port:files|mem~18                  ; Stuck at GND due to stuck port data_in ;
; ram3port:files|mem~22                  ; Stuck at GND due to stuck port data_in ;
; ram3port:files|mem~26                  ; Stuck at GND due to stuck port data_in ;
; ram3port:files|mem~30                  ; Stuck at GND due to stuck port data_in ;
; ram3port:files|mem~1                   ; Stuck at GND due to stuck port data_in ;
; ram3port:files|mem~5                   ; Stuck at GND due to stuck port data_in ;
; ram3port:files|mem~9                   ; Stuck at GND due to stuck port data_in ;
; ram3port:files|mem~13                  ; Stuck at GND due to stuck port data_in ;
; ram3port:files|mem~17                  ; Stuck at GND due to stuck port data_in ;
; ram3port:files|mem~21                  ; Stuck at GND due to stuck port data_in ;
; ram3port:files|mem~25                  ; Stuck at GND due to stuck port data_in ;
; ram3port:files|mem~29                  ; Stuck at GND due to stuck port data_in ;
; ram3port:files|mem~0                   ; Stuck at GND due to stuck port data_in ;
; ram3port:files|mem~4                   ; Stuck at GND due to stuck port data_in ;
; ram3port:files|mem~8                   ; Stuck at GND due to stuck port data_in ;
; ram3port:files|mem~12                  ; Stuck at GND due to stuck port data_in ;
; ram3port:files|mem~16                  ; Stuck at GND due to stuck port data_in ;
; ram3port:files|mem~20                  ; Stuck at GND due to stuck port data_in ;
; ram3port:files|mem~24                  ; Stuck at GND due to stuck port data_in ;
; ram3port:files|mem~28                  ; Stuck at GND due to stuck port data_in ;
; Total Number of Removed Registers = 33 ;                                        ;
+----------------------------------------+----------------------------------------+


+------------------------------------------------------+
; General Register Statistics                          ;
+----------------------------------------------+-------+
; Statistic                                    ; Value ;
+----------------------------------------------+-------+
; Total registers                              ; 3     ;
; Number of registers using Synchronous Clear  ; 0     ;
; Number of registers using Synchronous Load   ; 0     ;
; Number of registers using Asynchronous Clear ; 0     ;
; Number of registers using Asynchronous Load  ; 0     ;
; Number of registers using Clock Enable       ; 0     ;
; Number of registers using Preset             ; 0     ;
+----------------------------------------------+-------+


+-----------------------------------------------------------------------------------------------------------------------------------------------+
; Multiplexer Restructuring Statistics (Restructuring Performed)                                                                                ;
+--------------------+-----------+---------------+----------------------+------------------------+------------+---------------------------------+
; Multiplexer Inputs ; Bus Width ; Baseline Area ; Area if Restructured ; Saving if Restructured ; Registered ; Example Multiplexer Output      ;
+--------------------+-----------+---------------+----------------------+------------------------+------------+---------------------------------+
; 4:1                ; 4 bits    ; 8 LEs         ; 8 LEs                ; 0 LEs                  ; No         ; |unidadprocesadora|alu:alu|y[3] ;
; 8:1                ; 4 bits    ; 20 LEs        ; 12 LEs               ; 8 LEs                  ; No         ; |unidadprocesadora|alu:alu|Mux0 ;
+--------------------+-----------+---------------+----------------------+------------------------+------------+---------------------------------+


+-----------------------------------------------------------------------------------+
; Parameter Settings for User Entity Instance: Top-level Entity: |unidadprocesadora ;
+----------------+-------+----------------------------------------------------------+
; Parameter Name ; Value ; Type                                                     ;
+----------------+-------+----------------------------------------------------------+
; N              ; 4     ; Signed Integer                                           ;
+----------------+-------+----------------------------------------------------------+
Note: In order to hide this table in the UI and the text report file, please set the "Show Parameter Settings in Synthesis Report" option in "Analysis and Synthesis Settings -> More Settings" to "Off".


+-------------------------------------------------------------+
; Parameter Settings for User Entity Instance: ram3port:files ;
+----------------+-------+------------------------------------+
; Parameter Name ; Value ; Type                               ;
+----------------+-------+------------------------------------+
; N              ; 3     ; Signed Integer                     ;
; M              ; 4     ; Signed Integer                     ;
+----------------+-------+------------------------------------+
Note: In order to hide this table in the UI and the text report file, please set the "Show Parameter Settings in Synthesis Report" option in "Analysis and Synthesis Settings -> More Settings" to "Off".


+------------------------------------------------------+
; Parameter Settings for User Entity Instance: alu:alu ;
+----------------+-------+-----------------------------+
; Parameter Name ; Value ; Type                        ;
+----------------+-------+-----------------------------+
; N              ; 4     ; Signed Integer              ;
+----------------+-------+-----------------------------+
Note: In order to hide this table in the UI and the text report file, please set the "Show Parameter Settings in Synthesis Report" option in "Analysis and Synthesis Settings -> More Settings" to "Off".


+-------------------------------------------------------------------+
; Parameter Settings for User Entity Instance: Shifter2:corrimiento ;
+----------------+-------+------------------------------------------+
; Parameter Name ; Value ; Type                                     ;
+----------------+-------+------------------------------------------+
; N              ; 4     ; Signed Integer                           ;
+----------------+-------+------------------------------------------+
Note: In order to hide this table in the UI and the text report file, please set the "Show Parameter Settings in Synthesis Report" option in "Analysis and Synthesis Settings -> More Settings" to "Off".


+-------------------------------------------------------------------------------------------------------------------------------------------------------------------------------------------------------------+
; Port Connectivity Checks: "Shifter2:corrimiento"                                                                                                                                                            ;
+------+--------+----------+----------------------------------------------------------------------------------------------------------------------------------------------------------------------------------+
; Port ; Type   ; Severity ; Details                                                                                                                                                                          ;
+------+--------+----------+----------------------------------------------------------------------------------------------------------------------------------------------------------------------------------+
; IL   ; Input  ; Warning  ; Input port expression (4 bits) is wider than the input port (1 bits) it drives.  The 3 most-significant bit(s) in the expression will be dangling if they have no other fanouts. ;
; IR   ; Input  ; Warning  ; Declared by entity but not connected by instance. If a default value exists, it will be used.  Otherwise, the port will be connected to GND.                                     ;
; S    ; Output ; Warning  ; Declared by entity but not connected by instance. Logic that only feeds a dangling port will be removed.                                                                         ;
+------+--------+----------+----------------------------------------------------------------------------------------------------------------------------------------------------------------------------------+


+-----------------------------------------------------+
; Post-Synthesis Netlist Statistics for Top Partition ;
+-----------------------+-----------------------------+
; Type                  ; Count                       ;
+-----------------------+-----------------------------+
; boundary_port         ; 29                          ;
; cycloneiii_ff         ; 3                           ;
;     plain             ; 3                           ;
; cycloneiii_lcell_comb ; 28                          ;
;     arith             ; 5                           ;
;         2 data inputs ; 1                           ;
;         3 data inputs ; 4                           ;
;     normal            ; 23                          ;
;         0 data inputs ; 2                           ;
;         2 data inputs ; 1                           ;
;         3 data inputs ; 6                           ;
;         4 data inputs ; 14                          ;
;                       ;                             ;
; Max LUT depth         ; 5.30                        ;
; Average LUT depth     ; 4.20                        ;
+-----------------------+-----------------------------+


+-------------------------------+
; Elapsed Time Per Partition    ;
+----------------+--------------+
; Partition Name ; Elapsed Time ;
+----------------+--------------+
; Top            ; 00:00:00     ;
+----------------+--------------+


+-------------------------------+
; Analysis & Synthesis Messages ;
+-------------------------------+
Info: *******************************************************************
Info: Running Quartus Prime Analysis & Synthesis
    Info: Version 19.1.0 Build 670 09/22/2019 SJ Lite Edition
    Info: Processing started: Fri Sep 15 11:42:31 2023
Info: Command: quartus_map --read_settings_files=on --write_settings_files=off unidadprocesadora -c unidadprocesadora
Warning (18236): Number of processors has not been specified which may cause overloading on shared machines.  Set the global assignment NUM_PARALLEL_PROCESSORS in your QSF to an appropriate value for best performance.
Info (20030): Parallel compilation is enabled and will use 4 of the 4 processors detected
Info (12021): Found 4 design units, including 4 entities, in source file unidadprocesadora.sv
    Info (12023): Found entity 1: unidadprocesadora File: D:/Programacion/Arqui1/9_15/UnidadProcesadora/unidadprocesadora.sv Line: 1
    Info (12023): Found entity 2: alu File: D:/Programacion/Arqui1/9_15/UnidadProcesadora/unidadprocesadora.sv Line: 48
    Info (12023): Found entity 3: Shifter2 File: D:/Programacion/Arqui1/9_15/UnidadProcesadora/unidadprocesadora.sv Line: 103
    Info (12023): Found entity 4: ram3port File: D:/Programacion/Arqui1/9_15/UnidadProcesadora/unidadprocesadora.sv Line: 120
Info (12127): Elaborating entity "unidadprocesadora" for the top level hierarchy
Info (12128): Elaborating entity "ram3port" for hierarchy "ram3port:files" File: D:/Programacion/Arqui1/9_15/UnidadProcesadora/unidadprocesadora.sv Line: 28
Info (12128): Elaborating entity "alu" for hierarchy "alu:alu" File: D:/Programacion/Arqui1/9_15/UnidadProcesadora/unidadprocesadora.sv Line: 33
Info (12128): Elaborating entity "Shifter2" for hierarchy "Shifter2:corrimiento" File: D:/Programacion/Arqui1/9_15/UnidadProcesadora/unidadprocesadora.sv Line: 36
Warning (12011): Net is missing source, defaulting to GND
    Warning (12110): Net "DATA_out[3]" is missing source, defaulting to GND File: D:/Programacion/Arqui1/9_15/UnidadProcesadora/unidadprocesadora.sv Line: 6
    Warning (12110): Net "DATA_out[2]" is missing source, defaulting to GND File: D:/Programacion/Arqui1/9_15/UnidadProcesadora/unidadprocesadora.sv Line: 6
    Warning (12110): Net "DATA_out[1]" is missing source, defaulting to GND File: D:/Programacion/Arqui1/9_15/UnidadProcesadora/unidadprocesadora.sv Line: 6
    Warning (12110): Net "DATA_out[0]" is missing source, defaulting to GND File: D:/Programacion/Arqui1/9_15/UnidadProcesadora/unidadprocesadora.sv Line: 6
Info (276014): Found 1 instances of uninferred RAM logic
    Info (276004): RAM logic "ram3port:files|mem" is uninferred due to inappropriate RAM size File: D:/Programacion/Arqui1/9_15/UnidadProcesadora/unidadprocesadora.sv Line: 127
Warning (12241): 1 hierarchies have connectivity warnings - see the Connectivity Checks report folder
Warning (13024): Output pins are stuck at VCC or GND
    Warning (13410): Pin "stateBits[3]" is stuck at GND File: D:/Programacion/Arqui1/9_15/UnidadProcesadora/unidadprocesadora.sv Line: 38
    Warning (13410): Pin "DATA_out[0]" is stuck at GND File: D:/Programacion/Arqui1/9_15/UnidadProcesadora/unidadprocesadora.sv Line: 6
    Warning (13410): Pin "DATA_out[1]" is stuck at GND File: D:/Programacion/Arqui1/9_15/UnidadProcesadora/unidadprocesadora.sv Line: 6
    Warning (13410): Pin "DATA_out[2]" is stuck at GND File: D:/Programacion/Arqui1/9_15/UnidadProcesadora/unidadprocesadora.sv Line: 6
    Warning (13410): Pin "DATA_out[3]" is stuck at GND File: D:/Programacion/Arqui1/9_15/UnidadProcesadora/unidadprocesadora.sv Line: 6
Info (286030): Timing-Driven Synthesis is running
Info (16010): Generating hard_block partition "hard_block:auto_generated_inst"
    Info (16011): Adding 0 node(s), including 0 DDIO, 0 PLL, 0 transceiver and 0 LCELL
Warning (21074): Design contains 6 input pin(s) that do not drive logic
    Warning (15610): No output dependent on input pin "ctr_word[0]" File: D:/Programacion/Arqui1/9_15/UnidadProcesadora/unidadprocesadora.sv Line: 3
    Warning (15610): No output dependent on input pin "ctr_word[1]" File: D:/Programacion/Arqui1/9_15/UnidadProcesadora/unidadprocesadora.sv Line: 3
    Warning (15610): No output dependent on input pin "ctr_word[2]" File: D:/Programacion/Arqui1/9_15/UnidadProcesadora/unidadprocesadora.sv Line: 3
    Warning (15610): No output dependent on input pin "ctr_word[7]" File: D:/Programacion/Arqui1/9_15/UnidadProcesadora/unidadprocesadora.sv Line: 3
    Warning (15610): No output dependent on input pin "ctr_word[8]" File: D:/Programacion/Arqui1/9_15/UnidadProcesadora/unidadprocesadora.sv Line: 3
    Warning (15610): No output dependent on input pin "ctr_word[9]" File: D:/Programacion/Arqui1/9_15/UnidadProcesadora/unidadprocesadora.sv Line: 3
Info (21057): Implemented 57 device resources after synthesis - the final resource count might be different
    Info (21058): Implemented 21 input pins
    Info (21059): Implemented 8 output pins
    Info (21061): Implemented 28 logic cells
Info: Quartus Prime Analysis & Synthesis was successful. 0 errors, 20 warnings
    Info: Peak virtual memory: 4750 megabytes
    Info: Processing ended: Fri Sep 15 11:42:43 2023
    Info: Elapsed time: 00:00:12
    Info: Total CPU time (on all processors): 00:00:19


